<?xml version="1.0" encoding="UTF-8"?>
<robot generator="Robot 5.0 (Python 3.9.0 on win32)" generated="20220410 14:00:19.404" rpa="false" schemaversion="3">
<suite id="s1" name="Usermodule" source="C:\Users\Leela\PycharmProjects\Testcases\Tests\Book\FunctionalTestSuite\usermodule.robot">
<test id="s1-t1" name="User Registration test" line="10">
<kw name="Open Browser" library="SeleniumLibrary">
<arg>${web_url}</arg>
<arg>chrome</arg>
<doc>Opens a new browser instance to the optional ``url``.</doc>
<msg timestamp="20220410 14:00:20.185" level="INFO">Opening browser 'chrome' to base url 'http://127.0.0.1:5000/'.</msg>
<status status="PASS" starttime="20220410 14:00:20.184" endtime="20220410 14:00:31.581"/>
</kw>
<kw name="Maximize Browser Window" library="SeleniumLibrary">
<doc>Maximizes current browser window.</doc>
<status status="PASS" starttime="20220410 14:00:31.583" endtime="20220410 14:00:31.734"/>
</kw>
<kw name="Sleep" library="BuiltIn">
<arg>1s</arg>
<doc>Pauses the test executed for the given time.</doc>
<msg timestamp="20220410 14:00:32.738" level="INFO">Slept 1 second</msg>
<status status="PASS" starttime="20220410 14:00:31.735" endtime="20220410 14:00:32.738"/>
</kw>
<kw name="Click Link" library="SeleniumLibrary">
<arg>xpath=//html/body/div/div/div/form/table/tbody/tr[7]/td[2]/a</arg>
<doc>Clicks a link identified by ``locator``.</doc>
<msg timestamp="20220410 14:00:32.741" level="INFO">Clicking link 'xpath=//html/body/div/div/div/form/table/tbody/tr[7]/td[2]/a'.</msg>
<msg timestamp="20220410 14:00:33.019" level="INFO" html="true">&lt;/td&gt;&lt;/tr&gt;&lt;tr&gt;&lt;td colspan="3"&gt;&lt;a href="selenium-screenshot-20.png"&gt;&lt;img src="selenium-screenshot-20.png" width="800px"&gt;&lt;/a&gt;</msg>
<msg timestamp="20220410 14:00:33.021" level="FAIL">Link with locator 'xpath=//html/body/div/div/div/form/table/tbody/tr[7]/td[2]/a' not found.</msg>
<status status="FAIL" starttime="20220410 14:00:32.739" endtime="20220410 14:00:33.117"/>
</kw>
<kw name="Sleep" library="BuiltIn">
<arg>2s</arg>
<doc>Pauses the test executed for the given time.</doc>
<status status="NOT RUN" starttime="20220410 14:00:33.120" endtime="20220410 14:00:33.120"/>
</kw>
<doc>Registration page</doc>
<tag>user</tag>
<status status="FAIL" starttime="20220410 14:00:20.181" endtime="20220410 14:00:33.125">Link with locator 'xpath=//html/body/div/div/div/form/table/tbody/tr[7]/td[2]/a' not found.</status>
</test>
<test id="s1-t2" name="User Login test" line="19">
<kw name="Input Text" library="SeleniumLibrary">
<arg>name:email</arg>
<arg>${email}</arg>
<doc>Types the given ``text`` into the text field identified by ``locator``.</doc>
<msg timestamp="20220410 14:00:33.166" level="INFO">Typing text 'leelarenu05@gmail.com' into text field 'name:email'.</msg>
<msg timestamp="20220410 14:00:33.385" level="INFO" html="true">&lt;/td&gt;&lt;/tr&gt;&lt;tr&gt;&lt;td colspan="3"&gt;&lt;a href="selenium-screenshot-21.png"&gt;&lt;img src="selenium-screenshot-21.png" width="800px"&gt;&lt;/a&gt;</msg>
<msg timestamp="20220410 14:00:33.386" level="FAIL">Element with locator 'name:email' not found.</msg>
<status status="FAIL" starttime="20220410 14:00:33.164" endtime="20220410 14:00:33.566"/>
</kw>
<kw name="Sleep" library="BuiltIn">
<arg>1s</arg>
<doc>Pauses the test executed for the given time.</doc>
<status status="NOT RUN" starttime="20220410 14:00:33.570" endtime="20220410 14:00:33.570"/>
</kw>
<kw name="Input Text" library="SeleniumLibrary">
<arg>name:password</arg>
<arg>${password}</arg>
<doc>Types the given ``text`` into the text field identified by ``locator``.</doc>
<status status="NOT RUN" starttime="20220410 14:00:33.572" endtime="20220410 14:00:33.573"/>
</kw>
<kw name="Sleep" library="BuiltIn">
<arg>1s</arg>
<doc>Pauses the test executed for the given time.</doc>
<status status="NOT RUN" starttime="20220410 14:00:33.575" endtime="20220410 14:00:33.576"/>
</kw>
<kw name="Click Button" library="SeleniumLibrary">
<arg>xpath=/html/body/div/div/div/form/table/tbody/tr[3]/td[2]/button</arg>
<doc>Clicks the button identified by ``locator``.</doc>
<status status="NOT RUN" starttime="20220410 14:00:33.579" endtime="20220410 14:00:33.579"/>
</kw>
<kw name="Sleep" library="BuiltIn">
<arg>3s</arg>
<doc>Pauses the test executed for the given time.</doc>
<status status="NOT RUN" starttime="20220410 14:00:33.581" endtime="20220410 14:00:33.582"/>
</kw>
<doc>Login page</doc>
<tag>user</tag>
<status status="FAIL" starttime="20220410 14:00:33.159" endtime="20220410 14:00:33.585">Element with locator 'name:email' not found.</status>
</test>
<test id="s1-t3" name="Search Book test" line="29">
<kw name="Click Link" library="SeleniumLibrary">
<arg>xpath=/html/body/nav/a[2]</arg>
<doc>Clicks a link identified by ``locator``.</doc>
<msg timestamp="20220410 14:00:33.599" level="INFO">Clicking link 'xpath=/html/body/nav/a[2]'.</msg>
<msg timestamp="20220410 14:00:33.879" level="INFO" html="true">&lt;/td&gt;&lt;/tr&gt;&lt;tr&gt;&lt;td colspan="3"&gt;&lt;a href="selenium-screenshot-22.png"&gt;&lt;img src="selenium-screenshot-22.png" width="800px"&gt;&lt;/a&gt;</msg>
<msg timestamp="20220410 14:00:33.880" level="FAIL">Link with locator 'xpath=/html/body/nav/a[2]' not found.</msg>
<status status="FAIL" starttime="20220410 14:00:33.598" endtime="20220410 14:00:33.881"/>
</kw>
<kw name="Sleep" library="BuiltIn">
<arg>1s</arg>
<doc>Pauses the test executed for the given time.</doc>
<status status="NOT RUN" starttime="20220410 14:00:33.883" endtime="20220410 14:00:33.883"/>
</kw>
<kw name="Input Text" library="SeleniumLibrary">
<arg>name:name</arg>
<arg>The moon</arg>
<doc>Types the given ``text`` into the text field identified by ``locator``.</doc>
<status status="NOT RUN" starttime="20220410 14:00:33.884" endtime="20220410 14:00:33.884"/>
</kw>
<kw name="Sleep" library="BuiltIn">
<arg>1s</arg>
<doc>Pauses the test executed for the given time.</doc>
<status status="NOT RUN" starttime="20220410 14:00:33.885" endtime="20220410 14:00:33.885"/>
</kw>
<kw name="Click Button" library="SeleniumLibrary">
<arg>xpath=//html/body/div/div/div/form/table[1]/tbody/tr[2]/td[2]/button</arg>
<doc>Clicks the button identified by ``locator``.</doc>
<status status="NOT RUN" starttime="20220410 14:00:33.886" endtime="20220410 14:00:33.886"/>
</kw>
<kw name="Sleep" library="BuiltIn">
<arg>3s</arg>
<doc>Pauses the test executed for the given time.</doc>
<status status="NOT RUN" starttime="20220410 14:00:33.887" endtime="20220410 14:00:33.887"/>
</kw>
<doc>Search page</doc>
<tag>user</tag>
<status status="FAIL" starttime="20220410 14:00:33.594" endtime="20220410 14:00:33.888">Link with locator 'xpath=/html/body/nav/a[2]' not found.</status>
</test>
<test id="s1-t4" name="Logout test" line="39">
<kw name="Click Link" library="SeleniumLibrary">
<arg>xpath=//html/body/nav/a[3]</arg>
<doc>Clicks a link identified by ``locator``.</doc>
<msg timestamp="20220410 14:00:33.895" level="INFO">Clicking link 'xpath=//html/body/nav/a[3]'.</msg>
<msg timestamp="20220410 14:00:34.096" level="INFO" html="true">&lt;/td&gt;&lt;/tr&gt;&lt;tr&gt;&lt;td colspan="3"&gt;&lt;a href="selenium-screenshot-23.png"&gt;&lt;img src="selenium-screenshot-23.png" width="800px"&gt;&lt;/a&gt;</msg>
<msg timestamp="20220410 14:00:34.097" level="FAIL">Link with locator 'xpath=//html/body/nav/a[3]' not found.</msg>
<status status="FAIL" starttime="20220410 14:00:33.894" endtime="20220410 14:00:34.099"/>
</kw>
<kw name="Sleep" library="BuiltIn">
<arg>2s</arg>
<doc>Pauses the test executed for the given time.</doc>
<status status="NOT RUN" starttime="20220410 14:00:34.100" endtime="20220410 14:00:34.100"/>
</kw>
<kw name="Close Browser" library="SeleniumLibrary">
<doc>Closes the current browser.</doc>
<status status="NOT RUN" starttime="20220410 14:00:34.101" endtime="20220410 14:00:34.102"/>
</kw>
<doc>Logout page</doc>
<tag>user</tag>
<status status="FAIL" starttime="20220410 14:00:33.892" endtime="20220410 14:00:34.103">Link with locator 'xpath=//html/body/nav/a[3]' not found.</status>
</test>
<status status="FAIL" starttime="20220410 14:00:19.411" endtime="20220410 14:00:34.109"/>
</suite>
<statistics>
<total>
<stat pass="0" fail="4" skip="0">All Tests</stat>
</total>
<tag>
<stat pass="0" fail="4" skip="0">user</stat>
</tag>
<suite>
<stat pass="0" fail="4" skip="0" id="s1" name="Usermodule">Usermodule</stat>
</suite>
</statistics>
<errors>
</errors>
</robot>
